Using pre-set license
Built from '2021.3/staging' branch; Version is '2021.3.22f1 (b6c551784ba3) revision 11978065'; Using compiler version '192829333'; Build Type 'Release'
OS: 'Windows 10  (10.0.19044) 64bit CoreSingleLanguage' Language: 'en' Physical Memory: 8043 MB
BatchMode: 1, IsHumanControllingUs: 0, StartBugReporterOnCrash: 0, Is64bit: 1, IsPro: 1

COMMAND LINE ARGUMENTS:
D:\Design\Game\Editor\2021.3.22f1\Editor\Unity.exe
-adb2
-batchMode
-noUpm
-name
AssetImportWorker0
-projectPath
D:/TEL-U/Semester 4/AR/MU/Tubesss
-logFile
Logs/AssetImportWorker0.log
-srvPort
61341
Successfully changed project path to: D:/TEL-U/Semester 4/AR/MU/Tubesss
D:/TEL-U/Semester 4/AR/MU/Tubesss
[UnityMemory] Configuration Parameters - Can be set up in boot.config
    "memorysetup-bucket-allocator-granularity=16"
    "memorysetup-bucket-allocator-bucket-count=8"
    "memorysetup-bucket-allocator-block-size=33554432"
    "memorysetup-bucket-allocator-block-count=8"
    "memorysetup-main-allocator-block-size=16777216"
    "memorysetup-thread-allocator-block-size=16777216"
    "memorysetup-gfx-main-allocator-block-size=16777216"
    "memorysetup-gfx-thread-allocator-block-size=16777216"
    "memorysetup-cache-allocator-block-size=4194304"
    "memorysetup-typetree-allocator-block-size=2097152"
    "memorysetup-profiler-bucket-allocator-granularity=16"
    "memorysetup-profiler-bucket-allocator-bucket-count=8"
    "memorysetup-profiler-bucket-allocator-block-size=33554432"
    "memorysetup-profiler-bucket-allocator-block-count=8"
    "memorysetup-profiler-allocator-block-size=16777216"
    "memorysetup-profiler-editor-allocator-block-size=1048576"
    "memorysetup-temp-allocator-size-main=16777216"
    "memorysetup-job-temp-allocator-block-size=2097152"
    "memorysetup-job-temp-allocator-block-size-background=1048576"
    "memorysetup-job-temp-allocator-reduction-small-platforms=262144"
    "memorysetup-temp-allocator-size-background-worker=32768"
    "memorysetup-temp-allocator-size-job-worker=262144"
    "memorysetup-temp-allocator-size-preload-manager=33554432"
    "memorysetup-temp-allocator-size-nav-mesh-worker=65536"
    "memorysetup-temp-allocator-size-audio-worker=65536"
    "memorysetup-temp-allocator-size-cloud-worker=32768"
    "memorysetup-temp-allocator-size-gi-baking-worker=262144"
    "memorysetup-temp-allocator-size-gfx=262144"
Player connection [11188] Host "[IP] 192.168.56.1 [Port] 0 [Flags] 2 [Guid] 4200181400 [EditorId] 4200181400 [Version] 1048832 [Id] WindowsEditor(7,DESKTOP-81H471T) [Debug] 1 [PackageName] WindowsEditor [ProjectName] Editor" joined multi-casting on [225.0.0.222:54997]...

Player connection [11188] Host "[IP] 192.168.56.1 [Port] 0 [Flags] 2 [Guid] 4200181400 [EditorId] 4200181400 [Version] 1048832 [Id] WindowsEditor(7,DESKTOP-81H471T) [Debug] 1 [PackageName] WindowsEditor [ProjectName] Editor" joined alternative multi-casting on [225.0.0.222:34997]...

Refreshing native plugins compatible for Editor in 191.07 ms, found 3 plugins.
Preloading 0 native plugins for Editor in 0.00 ms.
Initialize engine version: 2021.3.22f1 (b6c551784ba3)
[Subsystems] Discovering subsystems at path D:/Design/Game/Editor/2021.3.22f1/Editor/Data/Resources/UnitySubsystems
[Subsystems] Discovering subsystems at path D:/TEL-U/Semester 4/AR/MU/Tubesss/Assets
GfxDevice: creating device client; threaded=0; jobified=0
Direct3D:
    Version:  Direct3D 11.0 [level 11.1]
    Renderer: NVIDIA GeForce MX250 (ID=0x1d13)
    Vendor:   NVIDIA
    VRAM:     1983 MB
    Driver:   30.0.14.7360
Initialize mono
Mono path[0] = 'D:/Design/Game/Editor/2021.3.22f1/Editor/Data/Managed'
Mono path[1] = 'D:/Design/Game/Editor/2021.3.22f1/Editor/Data/MonoBleedingEdge/lib/mono/unityjit-win32'
Mono config path = 'D:/Design/Game/Editor/2021.3.22f1/Editor/Data/MonoBleedingEdge/etc'
Using monoOptions --debugger-agent=transport=dt_socket,embedding=1,server=y,suspend=n,address=127.0.0.1:56540
Begin MonoManager ReloadAssembly
Registering precompiled unity dll's ...
Register platform support module: D:/Design/Game/Editor/2021.3.22f1/Editor/Data/PlaybackEngines/AndroidPlayer/UnityEditor.Android.Extensions.dll
Register platform support module: D:/Design/Game/Editor/2021.3.22f1/Editor/Data/PlaybackEngines/WindowsStandaloneSupport/UnityEditor.WindowsStandalone.Extensions.dll
Registered in 0.006948 seconds.
Native extension for WindowsStandalone target not found
Native extension for Android target not found
Android Extension - Scanning For ADB Devices 404 ms
Refreshing native plugins compatible for Editor in 99.44 ms, found 3 plugins.
Preloading 0 native plugins for Editor in 0.00 ms.
Mono: successfully reloaded assembly
- Completed reload, in  1.361 seconds
Domain Reload Profiling:
	ReloadAssembly (1362ms)
		BeginReloadAssembly (179ms)
			ExecutionOrderSort (0ms)
			DisableScriptedObjects (0ms)
			BackupInstance (0ms)
			ReleaseScriptingObjects (0ms)
			CreateAndSetChildDomain (1ms)
		EndReloadAssembly (1051ms)
			LoadAssemblies (179ms)
			RebuildTransferFunctionScriptingTraits (0ms)
			SetupTypeCache (165ms)
			ReleaseScriptCaches (0ms)
			RebuildScriptCaches (44ms)
			SetupLoadedEditorAssemblies (775ms)
				LogAssemblyErrors (0ms)
				InitializePlatformSupportModulesInManaged (499ms)
				SetLoadedEditorAssemblies (0ms)
				RefreshPlugins (100ms)
				BeforeProcessingInitializeOnLoad (2ms)
				ProcessInitializeOnLoadAttributes (119ms)
				ProcessInitializeOnLoadMethodAttributes (55ms)
				AfterProcessingInitializeOnLoad (0ms)
				EditorAssembliesLoaded (0ms)
			ExecutionOrderSort2 (0ms)
			AwakeInstancesAfterBackupRestoration (0ms)
Platform modules already initialized, skipping
Registering precompiled user dll's ...
Registered in 0.011475 seconds.
Begin MonoManager ReloadAssembly
Symbol file LoadedFromMemory doesn't match image D:\TEL-U\Semester 4\AR\MU\Tubesss\Library\PackageCache\com.unity.visualscripting@1.8.0\Editor\VisualScripting.Core\Dependencies\YamlDotNet\Unity.VisualScripting.YamlDotNet.dll
Symbol file LoadedFromMemory doesn't match image D:\TEL-U\Semester 4\AR\MU\Tubesss\Library\PackageCache\com.unity.visualscripting@1.8.0\Editor\VisualScripting.Core\Dependencies\DotNetZip\Unity.VisualScripting.IonicZip.dll
Native extension for WindowsStandalone target not found
Native extension for Android target not found
Refreshing native plugins compatible for Editor in 0.59 ms, found 3 plugins.
Preloading 0 native plugins for Editor in 0.00 ms.
Mono: successfully reloaded assembly
- Completed reload, in  1.471 seconds
Domain Reload Profiling:
	ReloadAssembly (1472ms)
		BeginReloadAssembly (180ms)
			ExecutionOrderSort (0ms)
			DisableScriptedObjects (7ms)
			BackupInstance (0ms)
			ReleaseScriptingObjects (0ms)
			CreateAndSetChildDomain (28ms)
		EndReloadAssembly (1140ms)
			LoadAssemblies (180ms)
			RebuildTransferFunctionScriptingTraits (0ms)
			SetupTypeCache (356ms)
			ReleaseScriptCaches (1ms)
			RebuildScriptCaches (111ms)
			SetupLoadedEditorAssemblies (423ms)
				LogAssemblyErrors (0ms)
				InitializePlatformSupportModulesInManaged (22ms)
				SetLoadedEditorAssemblies (1ms)
				RefreshPlugins (1ms)
				BeforeProcessingInitializeOnLoad (93ms)
				ProcessInitializeOnLoadAttributes (280ms)
				ProcessInitializeOnLoadMethodAttributes (23ms)
				AfterProcessingInitializeOnLoad (3ms)
				EditorAssembliesLoaded (0ms)
			ExecutionOrderSort2 (0ms)
			AwakeInstancesAfterBackupRestoration (9ms)
Platform modules already initialized, skipping
========================================================================
Worker process is ready to serve import requests
Launched and connected shader compiler UnityShaderCompiler.exe after 0.06 seconds
Refreshing native plugins compatible for Editor in 0.60 ms, found 3 plugins.
Preloading 0 native plugins for Editor in 0.00 ms.
Unloading 3047 Unused Serialized files (Serialized files now loaded: 0)
Unloading 24 unused Assets / (113.4 KB). Loaded Objects now: 3509.
Memory consumption went from 107.5 MB to 107.4 MB.
Total: 5.361300 ms (FindLiveObjects: 0.356300 ms CreateObjectMapping: 0.308100 ms MarkObjects: 4.198800 ms  DeleteObjects: 0.497100 ms)

AssetImportParameters requested are different than current active one (requested -> active):
  custom:video-decoder-ogg-theora: a1e56fd34408186e4bbccfd4996cb3dc -> 
  custom:container-muxer-webm: aa71ff27fc2769a1b78a27578f13a17b -> 
  custom:container-demuxer-webm: 4f35f7cbe854078d1ac9338744f61a02 -> 
  custom:video-encoder-webm-vp8: eb34c28f22e8b96e1ab97ce403110664 -> 
  custom:audio-encoder-webm-vorbis: bf7c407c2cedff20999df2af8eb42d56 -> 
  custom:framework-win-MediaFoundation: 216162199b28c13a410421893ffa2e32 -> 
  custom:container-demuxer-ogg: 62fdf1f143b41e24485cea50d1cbac27 -> 
  custom:video-decoder-webm-vp8: 9c59270c3fd7afecdb556c50c9e8de78 -> 
  custom:audio-decoder-ogg-vorbis: bf7c407c2cedff20999df2af8eb42d56 -> 
========================================================================
Received Import Request.
  Time since last request: 438615.733246 seconds.
  path: Assets/ARSH Studios/Demo/Demo_Scene/Low_Poly_Boat_yard_Sreenshotes.PNG
  artifactKey: Guid(f94cd28ea79e69244b1879e368fb6485) Importer(815301076,1909f56bfc062723c751e8b465ee728b)
Start importing Assets/ARSH Studios/Demo/Demo_Scene/Low_Poly_Boat_yard_Sreenshotes.PNG using Guid(f94cd28ea79e69244b1879e368fb6485) Importer(815301076,1909f56bfc062723c751e8b465ee728b)  -> (artifact id: 'ddd0288bd028df6c43e7631ada0009ef') in 0.185752 seconds 
========================================================================
Received Import Request.
  Time since last request: 0.000031 seconds.
  path: Assets/ARSH Studios
  artifactKey: Guid(1bb6e98e3f0debd4d9a1de183933f160) Importer(815301076,1909f56bfc062723c751e8b465ee728b)
Start importing Assets/ARSH Studios using Guid(1bb6e98e3f0debd4d9a1de183933f160) Importer(815301076,1909f56bfc062723c751e8b465ee728b)  -> (artifact id: 'b03175cc43d9b8e83cdedee76ca75cf0') in 0.007845 seconds 
========================================================================
Received Import Request.
  Time since last request: 0.000026 seconds.
  path: Assets/ARSH Studios/Assets
  artifactKey: Guid(9ad337bb8d49c96429e3b21aa73c0fb1) Importer(815301076,1909f56bfc062723c751e8b465ee728b)
Start importing Assets/ARSH Studios/Assets using Guid(9ad337bb8d49c96429e3b21aa73c0fb1) Importer(815301076,1909f56bfc062723c751e8b465ee728b)  -> (artifact id: 'ea553f11a5943dc7b4a59aa428b676cd') in 0.007598 seconds 
========================================================================
Received Import Request.
  Time since last request: 0.000030 seconds.
  path: Assets/ARSH Studios/Demo/Demo_Scene
  artifactKey: Guid(d07caf3bb061e9e45b01a978d0829b8f) Importer(815301076,1909f56bfc062723c751e8b465ee728b)
Start importing Assets/ARSH Studios/Demo/Demo_Scene using Guid(d07caf3bb061e9e45b01a978d0829b8f) Importer(815301076,1909f56bfc062723c751e8b465ee728b)  -> (artifact id: '16899b08308a1aeb36337198054e0037') in 0.010422 seconds 
========================================================================
Received Import Request.
  Time since last request: 0.000044 seconds.
  path: Assets/ARSH Studios/Demo
  artifactKey: Guid(dbd40b4dd35854c4caae6d280953fe00) Importer(815301076,1909f56bfc062723c751e8b465ee728b)
Start importing Assets/ARSH Studios/Demo using Guid(dbd40b4dd35854c4caae6d280953fe00) Importer(815301076,1909f56bfc062723c751e8b465ee728b)  -> (artifact id: '2421c48eb1b0cd26b5f5188de98620bb') in 0.008676 seconds 
========================================================================
Received Import Request.
  Time since last request: 0.850177 seconds.
  path: Assets/ARSH Studios/Demo/Demo_Scene/project_01.unity
  artifactKey: Guid(12b48b013f240bd40ba1cee39a6c8eb4) Importer(815301076,1909f56bfc062723c751e8b465ee728b)
Start importing Assets/ARSH Studios/Demo/Demo_Scene/project_01.unity using Guid(12b48b013f240bd40ba1cee39a6c8eb4) Importer(815301076,1909f56bfc062723c751e8b465ee728b)  -> (artifact id: '6fb6a3030113ef5eeefc58ce260669f7') in 0.007621 seconds 
========================================================================
Received Import Request.
  Time since last request: 264.805144 seconds.
  path: Packages/com.unity.testtools.codecoverage/package.json
  artifactKey: Guid(ba7d60725b0ec604698819352642be89) Importer(815301076,1909f56bfc062723c751e8b465ee728b)
Start importing Packages/com.unity.testtools.codecoverage/package.json using Guid(ba7d60725b0ec604698819352642be89) Importer(815301076,1909f56bfc062723c751e8b465ee728b)  -> (artifact id: 'b4ede392239df6bf770ed0fb43b79895') in 0.068141 seconds 
========================================================================
Received Import Request.
  Time since last request: 1.078440 seconds.
  path: Packages/com.unity.editorcoroutines/package.json
  artifactKey: Guid(6428ca6f30e71ee4dbea7e1d0787cb07) Importer(815301076,1909f56bfc062723c751e8b465ee728b)
Start importing Packages/com.unity.editorcoroutines/package.json using Guid(6428ca6f30e71ee4dbea7e1d0787cb07) Importer(815301076,1909f56bfc062723c751e8b465ee728b)  -> (artifact id: 'f09ec15c09bb4767b92c14d9ec7e7dbb') in 0.013309 seconds 
========================================================================
Received Import Request.
  Time since last request: 205.634391 seconds.
  path: Packages/com.unity.testtools.codecoverage
  artifactKey: Guid(37e2fae9013949daf3016af47382dd90) Importer(815301076,1909f56bfc062723c751e8b465ee728b)
Start importing Packages/com.unity.testtools.codecoverage using Guid(37e2fae9013949daf3016af47382dd90) Importer(815301076,1909f56bfc062723c751e8b465ee728b)  -> (artifact id: '1a26b7002931fba3277f6d32b650d8b6') in 0.011951 seconds 
========================================================================
Received Import Request.
  Time since last request: 0.378474 seconds.
  path: Packages/com.unity.ext.nunit
  artifactKey: Guid(25a477c2f24db8778a4179421a32cc21) Importer(815301076,1909f56bfc062723c751e8b465ee728b)
Start importing Packages/com.unity.ext.nunit using Guid(25a477c2f24db8778a4179421a32cc21) Importer(815301076,1909f56bfc062723c751e8b465ee728b)  -> (artifact id: 'bef33f36b89a5a284746f1bc5605769f') in 0.009487 seconds 
========================================================================
Received Import Request.
  Time since last request: 3.946024 seconds.
  path: Assets/StandardGalacticAlphabet
  artifactKey: Guid(413db8f16ec699c4ea1d5bf7ae280480) Importer(815301076,1909f56bfc062723c751e8b465ee728b)
Start importing Assets/StandardGalacticAlphabet using Guid(413db8f16ec699c4ea1d5bf7ae280480) Importer(815301076,1909f56bfc062723c751e8b465ee728b)  -> (artifact id: 'dd73c5c53621a29fd525761d55028fb8') in 0.010287 seconds 
========================================================================
Received Import Request.
  Time since last request: 1.044960 seconds.
  path: Assets/StandardGalacticAlphabet/_Font
  artifactKey: Guid(0eb41997b37d36c46bf054d82b01e319) Importer(815301076,1909f56bfc062723c751e8b465ee728b)
Start importing Assets/StandardGalacticAlphabet/_Font using Guid(0eb41997b37d36c46bf054d82b01e319) Importer(815301076,1909f56bfc062723c751e8b465ee728b)  -> (artifact id: '59d1b459a8b80f60648817b15dd34395') in 0.009084 seconds 
========================================================================
Received Import Request.
  Time since last request: 0.094500 seconds.
  path: Assets/StandardGalacticAlphabet/_Font/StandardGalacticAlphabet.ttf
  artifactKey: Guid(98d3e23b727c62e46b938c760017ac50) Importer(815301076,1909f56bfc062723c751e8b465ee728b)
Start importing Assets/StandardGalacticAlphabet/_Font/StandardGalacticAlphabet.ttf using Guid(98d3e23b727c62e46b938c760017ac50) Importer(815301076,1909f56bfc062723c751e8b465ee728b)  -> (artifact id: '54e6b86cedac6bd4be97df349eeaef29') in 0.416926 seconds 
========================================================================
Received Import Request.
  Time since last request: 12.961830 seconds.
  path: Assets/StandardGalacticAlphabet/Demo
  artifactKey: Guid(1cd5a531c17161941922199d8c927348) Importer(815301076,1909f56bfc062723c751e8b465ee728b)
Start importing Assets/StandardGalacticAlphabet/Demo using Guid(1cd5a531c17161941922199d8c927348) Importer(815301076,1909f56bfc062723c751e8b465ee728b)  -> (artifact id: '5f6e10c93e22a12b7d3756e70a1a69b8') in 0.002745 seconds 
========================================================================
Received Import Request.
  Time since last request: 2.856489 seconds.
  path: Assets/StandardGalacticAlphabet/Demo/DemoScene.unity
  artifactKey: Guid(8348471abd4112c4baf5c6f002ddfd84) Importer(815301076,1909f56bfc062723c751e8b465ee728b)
Start importing Assets/StandardGalacticAlphabet/Demo/DemoScene.unity using Guid(8348471abd4112c4baf5c6f002ddfd84) Importer(815301076,1909f56bfc062723c751e8b465ee728b)  -> (artifact id: '1a33735902fac362f2a7e688348a679f') in 0.007099 seconds 
========================================================================
Received Import Request.
  Time since last request: 5389.394181 seconds.
  path: Assets/StandardGalacticAlphabet/Demo/DemoBackground.png
  artifactKey: Guid(792965cbd01a705468e81f7e4ada2482) Importer(815301076,1909f56bfc062723c751e8b465ee728b)
Start importing Assets/StandardGalacticAlphabet/Demo/DemoBackground.png using Guid(792965cbd01a705468e81f7e4ada2482) Importer(815301076,1909f56bfc062723c751e8b465ee728b)  -> (artifact id: '9d628a8197c0bc34552dcddf095bf238') in 0.473600 seconds 
========================================================================
Received Import Request.
  Time since last request: 7.823658 seconds.
  path: Assets
  artifactKey: Guid(00000000000000001000000000000000) Importer(815301076,1909f56bfc062723c751e8b465ee728b)
Start importing Assets using Guid(00000000000000001000000000000000) Importer(815301076,1909f56bfc062723c751e8b465ee728b)  -> (artifact id: '79842766b460edbeab6a34051e857a80') in 0.012564 seconds 
========================================================================
Received Import Request.
  Time since last request: 14.726730 seconds.
  path: Assets/Alphabet
  artifactKey: Guid(13e97c6a53c0fda4db6a4f4314dde61d) Importer(815301076,1909f56bfc062723c751e8b465ee728b)
Start importing Assets/Alphabet using Guid(13e97c6a53c0fda4db6a4f4314dde61d) Importer(815301076,1909f56bfc062723c751e8b465ee728b)  -> (artifact id: '2354005a5ffdce99ecf6921e71fa274d') in 0.010859 seconds 
========================================================================
Received Import Request.
  Time since last request: 15.794651 seconds.
  path: Assets/Alphabet/A_alphabet.fbx
  artifactKey: Guid(8b70f211793c43846bf74a5a794e9f91) Importer(815301076,1909f56bfc062723c751e8b465ee728b)
Start importing Assets/Alphabet/A_alphabet.fbx using Guid(8b70f211793c43846bf74a5a794e9f91) Importer(815301076,1909f56bfc062723c751e8b465ee728b)  -> (artifact id: '7faf1e80af22b696cee7f94027d2b87b') in 0.836527 seconds 
========================================================================
Received Import Request.
  Time since last request: 90.799437 seconds.
  path: Assets/Alphabet/A_alphabet.fbx
  artifactKey: Guid(8b70f211793c43846bf74a5a794e9f91) Importer(815301076,1909f56bfc062723c751e8b465ee728b)
Start importing Assets/Alphabet/A_alphabet.fbx using Guid(8b70f211793c43846bf74a5a794e9f91) Importer(815301076,1909f56bfc062723c751e8b465ee728b)  -> (artifact id: 'fa420d5b2c3479f0501805fbd62c7e0e') in 0.024421 seconds 
========================================================================
Received Import Request.
  Time since last request: 99.352787 seconds.
  path: Assets/TextMesh Pro
  artifactKey: Guid(f54d1bd14bd3ca042bd867b519fee8cc) Importer(815301076,1909f56bfc062723c751e8b465ee728b)
Start importing Assets/TextMesh Pro using Guid(f54d1bd14bd3ca042bd867b519fee8cc) Importer(815301076,1909f56bfc062723c751e8b465ee728b)  -> (artifact id: 'f5648c5ef36b7beab651a001a8d08867') in 0.012550 seconds 
========================================================================
Received Import Request.
  Time since last request: 2.518477 seconds.
  path: Assets/TextMesh Pro/Fonts
  artifactKey: Guid(6ab70aee4d56447429c680537fbf93ed) Importer(815301076,1909f56bfc062723c751e8b465ee728b)
Start importing Assets/TextMesh Pro/Fonts using Guid(6ab70aee4d56447429c680537fbf93ed) Importer(815301076,1909f56bfc062723c751e8b465ee728b)  -> (artifact id: '7c35bbd85dc86dd2ef332d439fd9c360') in 0.011064 seconds 
========================================================================
Received Import Request.
  Time since last request: 2.222219 seconds.
  path: Assets/TextMesh Pro/Fonts/LiberationSans - OFL.txt
  artifactKey: Guid(6e59c59b81ab47f9b6ec5781fa725d2c) Importer(815301076,1909f56bfc062723c751e8b465ee728b)
Start importing Assets/TextMesh Pro/Fonts/LiberationSans - OFL.txt using Guid(6e59c59b81ab47f9b6ec5781fa725d2c) Importer(815301076,1909f56bfc062723c751e8b465ee728b)  -> (artifact id: '35ecb2fa8dd83b4749a13d0b14c984c2') in 0.019722 seconds 
========================================================================
Received Import Request.
  Time since last request: 0.688544 seconds.
  path: Assets/TextMesh Pro/Fonts/LiberationSans.ttf
  artifactKey: Guid(e3265ab4bf004d28a9537516768c1c75) Importer(815301076,1909f56bfc062723c751e8b465ee728b)
Start importing Assets/TextMesh Pro/Fonts/LiberationSans.ttf using Guid(e3265ab4bf004d28a9537516768c1c75) Importer(815301076,1909f56bfc062723c751e8b465ee728b)  -> (artifact id: 'f3bd036785823e2281556a384dd6489b') in 0.043719 seconds 
========================================================================
Received Import Request.
  Time since last request: 1.998232 seconds.
  path: Assets/TextMesh Pro/Shaders
  artifactKey: Guid(e9f693669af91aa45ad615fc681ed29f) Importer(815301076,1909f56bfc062723c751e8b465ee728b)
Start importing Assets/TextMesh Pro/Shaders using Guid(e9f693669af91aa45ad615fc681ed29f) Importer(815301076,1909f56bfc062723c751e8b465ee728b)  -> (artifact id: '16852098a277b7ddedd49287b21bfbc7') in 0.010509 seconds 
========================================================================
Received Import Request.
  Time since last request: 1.870249 seconds.
  path: Assets/TextMesh Pro/Shaders/TMP_Bitmap-Custom-Atlas.shader
  artifactKey: Guid(48bb5f55d8670e349b6e614913f9d910) Importer(815301076,1909f56bfc062723c751e8b465ee728b)
Start importing Assets/TextMesh Pro/Shaders/TMP_Bitmap-Custom-Atlas.shader using Guid(48bb5f55d8670e349b6e614913f9d910) Importer(815301076,1909f56bfc062723c751e8b465ee728b)  -> (artifact id: 'ee33c8204320077bc2f71ff5adf4078f') in 0.016165 seconds 
========================================================================
Received Import Request.
  Time since last request: 65.518527 seconds.
  path: Assets/TextMesh Pro/Shaders/TMP_SDF-Surface.shader
  artifactKey: Guid(f7ada0af4f174f0694ca6a487b8f543d) Importer(815301076,1909f56bfc062723c751e8b465ee728b)
Start importing Assets/TextMesh Pro/Shaders/TMP_SDF-Surface.shader using Guid(f7ada0af4f174f0694ca6a487b8f543d) Importer(815301076,1909f56bfc062723c751e8b465ee728b)  -> (artifact id: '98268f32841d37a7690ec8fd38a25b7a') in 0.013868 seconds 
========================================================================
Received Import Request.
  Time since last request: 0.743471 seconds.
  path: Assets/TextMesh Pro/Shaders/TMP_SDF-Mobile.shader
  artifactKey: Guid(fe393ace9b354375a9cb14cdbbc28be4) Importer(815301076,1909f56bfc062723c751e8b465ee728b)
Start importing Assets/TextMesh Pro/Shaders/TMP_SDF-Mobile.shader using Guid(fe393ace9b354375a9cb14cdbbc28be4) Importer(815301076,1909f56bfc062723c751e8b465ee728b)  -> (artifact id: 'b57c71681c28ad1c1f6290039a0f1cc9') in 0.015066 seconds 
========================================================================
Received Import Request.
  Time since last request: 0.554829 seconds.
  path: Assets/TextMesh Pro/Shaders/TMP_SDF-Mobile Overlay.shader
  artifactKey: Guid(a02a7d8c237544f1962732b55a9aebf1) Importer(815301076,1909f56bfc062723c751e8b465ee728b)
Start importing Assets/TextMesh Pro/Shaders/TMP_SDF-Mobile Overlay.shader using Guid(a02a7d8c237544f1962732b55a9aebf1) Importer(815301076,1909f56bfc062723c751e8b465ee728b)  -> (artifact id: '2aca55ad6487aea99b0fecc0a181e403') in 0.010630 seconds 
========================================================================
Received Import Request.
  Time since last request: 0.605809 seconds.
  path: Assets/TextMesh Pro/Shaders/TMP_SDF SSD.shader
  artifactKey: Guid(14eb328de4b8eb245bb7cea29e4ac00b) Importer(815301076,1909f56bfc062723c751e8b465ee728b)
Start importing Assets/TextMesh Pro/Shaders/TMP_SDF SSD.shader using Guid(14eb328de4b8eb245bb7cea29e4ac00b) Importer(815301076,1909f56bfc062723c751e8b465ee728b) Shader 'TextMeshPro/Distance Field SSD': fallback shader 'TextMeshPro/Mobile/Distance Field' not found
 -> (artifact id: '6ad4ca8d94c7f6f909fa6e764ea6ddf9') in 0.010658 seconds 
========================================================================
Received Import Request.
  Time since last request: 1.954053 seconds.
  path: Assets/TextMesh Pro/Resources
  artifactKey: Guid(243e06394e614e5d99fab26083b707fa) Importer(815301076,1909f56bfc062723c751e8b465ee728b)
Start importing Assets/TextMesh Pro/Resources using Guid(243e06394e614e5d99fab26083b707fa) Importer(815301076,1909f56bfc062723c751e8b465ee728b)  -> (artifact id: '73107d1020a62e3def86c468d2a05456') in 0.012275 seconds 
========================================================================
Received Import Request.
  Time since last request: 2.377244 seconds.
  path: Assets/TextMesh Pro/Resources/Fonts & Materials
  artifactKey: Guid(731f1baa9d144a9897cb1d341c2092b8) Importer(815301076,1909f56bfc062723c751e8b465ee728b)
Start importing Assets/TextMesh Pro/Resources/Fonts & Materials using Guid(731f1baa9d144a9897cb1d341c2092b8) Importer(815301076,1909f56bfc062723c751e8b465ee728b)  -> (artifact id: 'a8a5343dd66316b9eb35bafbffda078a') in 0.011215 seconds 
========================================================================
Received Import Request.
  Time since last request: 4.200684 seconds.
  path: Assets/TextMesh Pro/Resources/Fonts & Materials/LiberationSans SDF - Fallback.asset
  artifactKey: Guid(2e498d1c8094910479dc3e1b768306a4) Importer(815301076,1909f56bfc062723c751e8b465ee728b)
Start importing Assets/TextMesh Pro/Resources/Fonts & Materials/LiberationSans SDF - Fallback.asset using Guid(2e498d1c8094910479dc3e1b768306a4) Importer(815301076,1909f56bfc062723c751e8b465ee728b)  -> (artifact id: '75c03ef0685716eb49c849513d3fc62c') in 0.183365 seconds 
========================================================================
Received Import Request.
  Time since last request: 34.866429 seconds.
  path: Assets/TextMesh Pro/Documentation
  artifactKey: Guid(8e7e8f5a82a3a134e91c54efd2274ea9) Importer(815301076,1909f56bfc062723c751e8b465ee728b)
Start importing Assets/TextMesh Pro/Documentation using Guid(8e7e8f5a82a3a134e91c54efd2274ea9) Importer(815301076,1909f56bfc062723c751e8b465ee728b)  -> (artifact id: 'dc497803c0650e980b81bcf651e18b86') in 0.012624 seconds 
========================================================================
Received Import Request.
  Time since last request: 44.674415 seconds.
  path: Assets/ARSH Studios/Assets/Texture/outUV_colour.jpg
  artifactKey: Guid(19321988999c5ad4d8d1206cd921a263) Importer(815301076,1909f56bfc062723c751e8b465ee728b)
Start importing Assets/ARSH Studios/Assets/Texture/outUV_colour.jpg using Guid(19321988999c5ad4d8d1206cd921a263) Importer(815301076,1909f56bfc062723c751e8b465ee728b)  -> (artifact id: '9c8e6a66103d62c85f422caa70485d02') in 0.029158 seconds 
========================================================================
Received Import Request.
  Time since last request: 1037.683256 seconds.
  path: Assets/Asset  Store
  artifactKey: Guid(3b2e63eaf8424974db41d3768e18cba1) Importer(815301076,1909f56bfc062723c751e8b465ee728b)
Start importing Assets/Asset  Store using Guid(3b2e63eaf8424974db41d3768e18cba1) Importer(815301076,1909f56bfc062723c751e8b465ee728b)  -> (artifact id: '125bfe2bd22f32d4eadcd6eddbea78c6') in 0.009768 seconds 
========================================================================
Received Import Request.
  Time since last request: 2.146760 seconds.
  path: Assets/Asset  Store/Wood Patterns/Wood Patterns Demo
  artifactKey: Guid(5045e51da41dc7f44a8835a43fd320fd) Importer(815301076,1909f56bfc062723c751e8b465ee728b)
Start importing Assets/Asset  Store/Wood Patterns/Wood Patterns Demo using Guid(5045e51da41dc7f44a8835a43fd320fd) Importer(815301076,1909f56bfc062723c751e8b465ee728b)  -> (artifact id: 'c606e9ecb8c5007cb18d1824c2a66472') in 0.011330 seconds 
========================================================================
Received Import Request.
  Time since last request: 3.094545 seconds.
  path: Assets/Asset  Store/Wood Patterns/Wood Patterns Demo/Textures/T_Herringbone _AO.png
  artifactKey: Guid(ec74f946321bf56419bfdeb424104dd7) Importer(815301076,1909f56bfc062723c751e8b465ee728b)
Start importing Assets/Asset  Store/Wood Patterns/Wood Patterns Demo/Textures/T_Herringbone _AO.png using Guid(ec74f946321bf56419bfdeb424104dd7) Importer(815301076,1909f56bfc062723c751e8b465ee728b)  -> (artifact id: 'a98f3c3c2c9f042e40531a32af9d7518') in 0.020336 seconds 
========================================================================
Received Import Request.
  Time since last request: 149.071790 seconds.
  path: Assets/Abstract_Shaders/Documentation (Abstract Shader).txt
  artifactKey: Guid(aaefeb465c9ed34459f8331592e3a850) Importer(815301076,1909f56bfc062723c751e8b465ee728b)
Start importing Assets/Abstract_Shaders/Documentation (Abstract Shader).txt using Guid(aaefeb465c9ed34459f8331592e3a850) Importer(815301076,1909f56bfc062723c751e8b465ee728b)  -> (artifact id: 'beb2acfc594033ca87d37267479f0f8a') in 0.012732 seconds 
========================================================================
Received Import Request.
  Time since last request: 1.391678 seconds.
  path: Assets/Abstract_Shaders/Shaders/Abstract_Shader.shadergraph
  artifactKey: Guid(7c3bab67763ec4740895cf5798a71b88) Importer(815301076,1909f56bfc062723c751e8b465ee728b)
Start importing Assets/Abstract_Shaders/Shaders/Abstract_Shader.shadergraph using Guid(7c3bab67763ec4740895cf5798a71b88) Importer(815301076,1909f56bfc062723c751e8b465ee728b)  -> (artifact id: '0273b4fabda010711ac7bc9e544c47e5') in 0.018399 seconds 
========================================================================
Received Import Request.
  Time since last request: 7.332882 seconds.
  path: Assets/Abstract_Shaders/Materials/Cyber
  artifactKey: Guid(aba3d6e537e4a594998f73e87e3c5947) Importer(815301076,1909f56bfc062723c751e8b465ee728b)
Start importing Assets/Abstract_Shaders/Materials/Cyber using Guid(aba3d6e537e4a594998f73e87e3c5947) Importer(815301076,1909f56bfc062723c751e8b465ee728b)  -> (artifact id: 'f2ce2c7c96a3e7a0516cf09d81189e3e') in 0.010085 seconds 
========================================================================
Received Import Request.
  Time since last request: 18.012455 seconds.
  path: Assets/Abstract_Shaders/Materials/plant_roots
  artifactKey: Guid(51f4fc67eeb784a419e9ef595845d961) Importer(815301076,1909f56bfc062723c751e8b465ee728b)
Start importing Assets/Abstract_Shaders/Materials/plant_roots using Guid(51f4fc67eeb784a419e9ef595845d961) Importer(815301076,1909f56bfc062723c751e8b465ee728b)  -> (artifact id: '7bdaad5d3e9cdc88ea25641c24f76822') in 0.011371 seconds 
========================================================================
Received Import Request.
  Time since last request: 13.575053 seconds.
  path: Assets/Abstract_Shaders/Assets/Sphere_Particle.png
  artifactKey: Guid(6ea333eaf2d11be47bee9563a0c99336) Importer(815301076,1909f56bfc062723c751e8b465ee728b)
Start importing Assets/Abstract_Shaders/Assets/Sphere_Particle.png using Guid(6ea333eaf2d11be47bee9563a0c99336) Importer(815301076,1909f56bfc062723c751e8b465ee728b)  -> (artifact id: 'bf113fd1f9c3e8fc162a65741fabd42e') in 0.021126 seconds 
========================================================================
Received Import Request.
  Time since last request: 1.297217 seconds.
  path: Assets/Abstract_Shaders/Prefabs
  artifactKey: Guid(6cb9525a1d639b149bfc6b6b7ae836f3) Importer(815301076,1909f56bfc062723c751e8b465ee728b)
Start importing Assets/Abstract_Shaders/Prefabs using Guid(6cb9525a1d639b149bfc6b6b7ae836f3) Importer(815301076,1909f56bfc062723c751e8b465ee728b)  -> (artifact id: 'b7f85b00dae8e4984db18cbdd192a9cc') in 0.010772 seconds 
========================================================================
Received Import Request.
  Time since last request: 1.462512 seconds.
  path: Assets/Abstract_Shaders/Prefabs/Cyber
  artifactKey: Guid(7e95059acd04ad14c8ac380146de331d) Importer(815301076,1909f56bfc062723c751e8b465ee728b)
Start importing Assets/Abstract_Shaders/Prefabs/Cyber using Guid(7e95059acd04ad14c8ac380146de331d) Importer(815301076,1909f56bfc062723c751e8b465ee728b)  -> (artifact id: '32840065fcedc493021d0e0c9321a003') in 0.002412 seconds 
========================================================================
Received Import Request.
  Time since last request: 1.093588 seconds.
  path: Assets/Abstract_Shaders/Prefabs/Cyber/Background(3D Plane)_2 (1).prefab
  artifactKey: Guid(ba091cea1a0519647a344ff398edb41d) Importer(815301076,1909f56bfc062723c751e8b465ee728b)
Start importing Assets/Abstract_Shaders/Prefabs/Cyber/Background(3D Plane)_2 (1).prefab using Guid(ba091cea1a0519647a344ff398edb41d) Importer(815301076,1909f56bfc062723c751e8b465ee728b)  -> (artifact id: '04128be1aa063b04f99f224c56e4065d') in 0.036274 seconds 
========================================================================
Received Import Request.
  Time since last request: 0.871784 seconds.
  path: Assets/Abstract_Shaders/Prefabs/Cyber/Background(3D Plane)_1.prefab
  artifactKey: Guid(30c7f58be11239e4fb21634b0c7dfadf) Importer(815301076,1909f56bfc062723c751e8b465ee728b)
Start importing Assets/Abstract_Shaders/Prefabs/Cyber/Background(3D Plane)_1.prefab using Guid(30c7f58be11239e4fb21634b0c7dfadf) Importer(815301076,1909f56bfc062723c751e8b465ee728b)  -> (artifact id: '700ff556e78f0b0944e0deae597eb7cd') in 0.023657 seconds 
========================================================================
Received Import Request.
  Time since last request: 0.655575 seconds.
  path: Assets/Abstract_Shaders/Prefabs/Cyber/Background(3D Plane)_2 (3).prefab
  artifactKey: Guid(d7190cc0a8f0e624bb12951e17dc591f) Importer(815301076,1909f56bfc062723c751e8b465ee728b)
Start importing Assets/Abstract_Shaders/Prefabs/Cyber/Background(3D Plane)_2 (3).prefab using Guid(d7190cc0a8f0e624bb12951e17dc591f) Importer(815301076,1909f56bfc062723c751e8b465ee728b)  -> (artifact id: 'c235882fe7be5cc3f82ee3fa8d7ce7e2') in 0.020095 seconds 
========================================================================
Received Import Request.
  Time since last request: 3.771252 seconds.
  path: Assets/Abstract_Shaders/Prefabs/Galaxy/Background(3D Plane)_2 (5).prefab
  artifactKey: Guid(9429f071fa1f71448805085adbfff2a6) Importer(815301076,1909f56bfc062723c751e8b465ee728b)
Start importing Assets/Abstract_Shaders/Prefabs/Galaxy/Background(3D Plane)_2 (5).prefab using Guid(9429f071fa1f71448805085adbfff2a6) Importer(815301076,1909f56bfc062723c751e8b465ee728b)  -> (artifact id: 'b55f0654bae3a0c6df41cf8a6772a640') in 0.018102 seconds 
========================================================================
Received Import Request.
  Time since last request: 0.489013 seconds.
  path: Assets/Abstract_Shaders/Prefabs/Galaxy/Background(3D Plane)_2 (7).prefab
  artifactKey: Guid(0b5bc465c2b6772408f2ce7bc9fe8f8c) Importer(815301076,1909f56bfc062723c751e8b465ee728b)
Start importing Assets/Abstract_Shaders/Prefabs/Galaxy/Background(3D Plane)_2 (7).prefab using Guid(0b5bc465c2b6772408f2ce7bc9fe8f8c) Importer(815301076,1909f56bfc062723c751e8b465ee728b)  -> (artifact id: '30eb253ab6a1dd09ba98e903680292df') in 0.017541 seconds 
========================================================================
Received Import Request.
  Time since last request: 0.469469 seconds.
  path: Assets/Abstract_Shaders/Prefabs/Galaxy/Background(3D Plane)_2 (8).prefab
  artifactKey: Guid(330a90a5f63112649898e29204ef9f87) Importer(815301076,1909f56bfc062723c751e8b465ee728b)
Start importing Assets/Abstract_Shaders/Prefabs/Galaxy/Background(3D Plane)_2 (8).prefab using Guid(330a90a5f63112649898e29204ef9f87) Importer(815301076,1909f56bfc062723c751e8b465ee728b)  -> (artifact id: '43bdab6f92c8f3941b11d7b4a97eb7ff') in 0.021896 seconds 
========================================================================
Received Import Request.
  Time since last request: 3.109586 seconds.
  path: Assets/Abstract_Shaders/Prefabs/Liquid_Waves/Background(3D Plane)_2 (11).prefab
  artifactKey: Guid(a433ae8a12c503c41aab83b76ab99ff6) Importer(815301076,1909f56bfc062723c751e8b465ee728b)
Start importing Assets/Abstract_Shaders/Prefabs/Liquid_Waves/Background(3D Plane)_2 (11).prefab using Guid(a433ae8a12c503c41aab83b76ab99ff6) Importer(815301076,1909f56bfc062723c751e8b465ee728b)  -> (artifact id: 'f5ec86aa72136aad138ec177a0d8570f') in 0.022093 seconds 
========================================================================
Received Import Request.
  Time since last request: 0.493609 seconds.
  path: Assets/Abstract_Shaders/Prefabs/Liquid_Waves/Background(3D Plane)_2 (13).prefab
  artifactKey: Guid(1b280128a220b3249be1dd4bd98bcc4a) Importer(815301076,1909f56bfc062723c751e8b465ee728b)
Start importing Assets/Abstract_Shaders/Prefabs/Liquid_Waves/Background(3D Plane)_2 (13).prefab using Guid(1b280128a220b3249be1dd4bd98bcc4a) Importer(815301076,1909f56bfc062723c751e8b465ee728b)  -> (artifact id: '4eea4673694bc8c63d2343d7f24da7ec') in 0.016977 seconds 
========================================================================
Received Import Request.
  Time since last request: 2.547841 seconds.
  path: Assets/Abstract_Shaders/Prefabs/Plant_Roots/Background(3D Plane)_2 (12).prefab
  artifactKey: Guid(2d3208388c2f37e4b8b7cf76bdfd91ee) Importer(815301076,1909f56bfc062723c751e8b465ee728b)
Start importing Assets/Abstract_Shaders/Prefabs/Plant_Roots/Background(3D Plane)_2 (12).prefab using Guid(2d3208388c2f37e4b8b7cf76bdfd91ee) Importer(815301076,1909f56bfc062723c751e8b465ee728b)  -> (artifact id: '796a6d0f718aa624effb3a68b330045a') in 0.020229 seconds 
========================================================================
Received Import Request.
  Time since last request: 0.364567 seconds.
  path: Assets/Abstract_Shaders/Prefabs/Plant_Roots/Background(3D Plane)_2 (18).prefab
  artifactKey: Guid(bf3515d7b345e854a9ab21f2084f0059) Importer(815301076,1909f56bfc062723c751e8b465ee728b)
Start importing Assets/Abstract_Shaders/Prefabs/Plant_Roots/Background(3D Plane)_2 (18).prefab using Guid(bf3515d7b345e854a9ab21f2084f0059) Importer(815301076,1909f56bfc062723c751e8b465ee728b)  -> (artifact id: '8eb005c550935964d9e3d425ccd99db6') in 0.018459 seconds 
========================================================================
Received Import Request.
  Time since last request: 1.876078 seconds.
  path: Assets/Abstract_Shaders/Scenes/Abstract_DEMO.unity
  artifactKey: Guid(3154d220b9a17274aad157d6c8a8a190) Importer(815301076,1909f56bfc062723c751e8b465ee728b)
Start importing Assets/Abstract_Shaders/Scenes/Abstract_DEMO.unity using Guid(3154d220b9a17274aad157d6c8a8a190) Importer(815301076,1909f56bfc062723c751e8b465ee728b)  -> (artifact id: '986d8ac0cd3cac5a1ed66761c0b0f579') in 0.010751 seconds 
========================================================================
Received Prepare
Registering precompiled user dll's ...
Registered in 0.003665 seconds.
Begin MonoManager ReloadAssembly
Symbol file LoadedFromMemory doesn't match image D:\TEL-U\Semester 4\AR\MU\Tubesss\Library\PackageCache\com.unity.visualscripting@1.8.0\Editor\VisualScripting.Core\Dependencies\YamlDotNet\Unity.VisualScripting.YamlDotNet.dll
Symbol file LoadedFromMemory doesn't match image D:\TEL-U\Semester 4\AR\MU\Tubesss\Library\PackageCache\com.unity.visualscripting@1.8.0\Editor\VisualScripting.Core\Dependencies\DotNetZip\Unity.VisualScripting.IonicZip.dll
Native extension for WindowsStandalone target not found
Native extension for Android target not found
Refreshing native plugins compatible for Editor in 1.54 ms, found 3 plugins.
Preloading 0 native plugins for Editor in 0.00 ms.
Mono: successfully reloaded assembly
- Completed reload, in  2.592 seconds
Domain Reload Profiling:
	ReloadAssembly (2596ms)
		BeginReloadAssembly (1102ms)
			ExecutionOrderSort (1ms)
			DisableScriptedObjects (71ms)
			BackupInstance (0ms)
			ReleaseScriptingObjects (0ms)
			CreateAndSetChildDomain (559ms)
		EndReloadAssembly (1325ms)
			LoadAssemblies (229ms)
			RebuildTransferFunctionScriptingTraits (1ms)
			SetupTypeCache (451ms)
			ReleaseScriptCaches (2ms)
			RebuildScriptCaches (73ms)
			SetupLoadedEditorAssemblies (543ms)
				LogAssemblyErrors (0ms)
				InitializePlatformSupportModulesInManaged (54ms)
				SetLoadedEditorAssemblies (2ms)
				RefreshPlugins (2ms)
				BeforeProcessingInitializeOnLoad (110ms)
				ProcessInitializeOnLoadAttributes (326ms)
				ProcessInitializeOnLoadMethodAttributes (39ms)
				AfterProcessingInitializeOnLoad (10ms)
				EditorAssembliesLoaded (0ms)
			ExecutionOrderSort2 (0ms)
			AwakeInstancesAfterBackupRestoration (18ms)
Platform modules already initialized, skipping
Refreshing native plugins compatible for Editor in 2.10 ms, found 3 plugins.
Preloading 0 native plugins for Editor in 0.00 ms.
Unloading 3055 Unused Serialized files (Serialized files now loaded: 0)
Unloading 30 unused Assets / (0.7 MB). Loaded Objects now: 3569.
Memory consumption went from 114.6 MB to 113.9 MB.
Total: 8.236600 ms (FindLiveObjects: 0.477400 ms CreateObjectMapping: 0.330900 ms MarkObjects: 6.989100 ms  DeleteObjects: 0.437600 ms)

AssetImportParameters requested are different than current active one (requested -> active):
  custom:video-decoder-ogg-theora: a1e56fd34408186e4bbccfd4996cb3dc -> 
  custom:container-muxer-webm: aa71ff27fc2769a1b78a27578f13a17b -> 
  custom:container-demuxer-webm: 4f35f7cbe854078d1ac9338744f61a02 -> 
  custom:video-encoder-webm-vp8: eb34c28f22e8b96e1ab97ce403110664 -> 
  custom:audio-encoder-webm-vorbis: bf7c407c2cedff20999df2af8eb42d56 -> 
  custom:framework-win-MediaFoundation: 216162199b28c13a410421893ffa2e32 -> 
  custom:container-demuxer-ogg: 62fdf1f143b41e24485cea50d1cbac27 -> 
  custom:video-decoder-webm-vp8: 9c59270c3fd7afecdb556c50c9e8de78 -> 
  custom:audio-decoder-ogg-vorbis: bf7c407c2cedff20999df2af8eb42d56 -> 
========================================================================
Received Prepare
Registering precompiled user dll's ...
Registered in 0.005892 seconds.
Begin MonoManager ReloadAssembly
Symbol file LoadedFromMemory doesn't match image D:\TEL-U\Semester 4\AR\MU\Tubesss\Library\PackageCache\com.unity.visualscripting@1.8.0\Editor\VisualScripting.Core\Dependencies\YamlDotNet\Unity.VisualScripting.YamlDotNet.dll
Symbol file LoadedFromMemory doesn't match image D:\TEL-U\Semester 4\AR\MU\Tubesss\Library\PackageCache\com.unity.visualscripting@1.8.0\Editor\VisualScripting.Core\Dependencies\DotNetZip\Unity.VisualScripting.IonicZip.dll
Native extension for WindowsStandalone target not found
Native extension for Android target not found
Refreshing native plugins compatible for Editor in 0.93 ms, found 3 plugins.
Preloading 0 native plugins for Editor in 0.00 ms.
Mono: successfully reloaded assembly
- Completed reload, in  1.407 seconds
Domain Reload Profiling:
	ReloadAssembly (1408ms)
		BeginReloadAssembly (240ms)
			ExecutionOrderSort (0ms)
			DisableScriptedObjects (13ms)
			BackupInstance (0ms)
			ReleaseScriptingObjects (0ms)
			CreateAndSetChildDomain (55ms)
		EndReloadAssembly (1009ms)
			LoadAssemblies (167ms)
			RebuildTransferFunctionScriptingTraits (0ms)
			SetupTypeCache (407ms)
			ReleaseScriptCaches (2ms)
			RebuildScriptCaches (87ms)
			SetupLoadedEditorAssemblies (351ms)
				LogAssemblyErrors (0ms)
				InitializePlatformSupportModulesInManaged (21ms)
				SetLoadedEditorAssemblies (1ms)
				RefreshPlugins (1ms)
				BeforeProcessingInitializeOnLoad (70ms)
				ProcessInitializeOnLoadAttributes (231ms)
				ProcessInitializeOnLoadMethodAttributes (22ms)
				AfterProcessingInitializeOnLoad (5ms)
				EditorAssembliesLoaded (0ms)
			ExecutionOrderSort2 (0ms)
			AwakeInstancesAfterBackupRestoration (11ms)
Platform modules already initialized, skipping
Refreshing native plugins compatible for Editor in 2.72 ms, found 3 plugins.
Preloading 0 native plugins for Editor in 0.00 ms.
Unloading 3054 Unused Serialized files (Serialized files now loaded: 0)
Unloading 29 unused Assets / (0.7 MB). Loaded Objects now: 3572.
Memory consumption went from 114.5 MB to 113.8 MB.
Total: 3.397400 ms (FindLiveObjects: 0.259300 ms CreateObjectMapping: 0.157100 ms MarkObjects: 2.554000 ms  DeleteObjects: 0.425900 ms)

AssetImportParameters requested are different than current active one (requested -> active):
  custom:video-decoder-ogg-theora: a1e56fd34408186e4bbccfd4996cb3dc -> 
  custom:container-muxer-webm: aa71ff27fc2769a1b78a27578f13a17b -> 
  custom:container-demuxer-webm: 4f35f7cbe854078d1ac9338744f61a02 -> 
  custom:video-encoder-webm-vp8: eb34c28f22e8b96e1ab97ce403110664 -> 
  custom:audio-encoder-webm-vorbis: bf7c407c2cedff20999df2af8eb42d56 -> 
  custom:framework-win-MediaFoundation: 216162199b28c13a410421893ffa2e32 -> 
  custom:container-demuxer-ogg: 62fdf1f143b41e24485cea50d1cbac27 -> 
  custom:video-decoder-webm-vp8: 9c59270c3fd7afecdb556c50c9e8de78 -> 
  custom:audio-decoder-ogg-vorbis: bf7c407c2cedff20999df2af8eb42d56 -> 
========================================================================
Received Import Request.
  Time since last request: 2337.016469 seconds.
  path: Assets/Alphabet/Z_alphabet.fbx
  artifactKey: Guid(3d22788f2f891184496dcbb943d84fbb) Importer(815301076,1909f56bfc062723c751e8b465ee728b)
Start importing Assets/Alphabet/Z_alphabet.fbx using Guid(3d22788f2f891184496dcbb943d84fbb) Importer(815301076,1909f56bfc062723c751e8b465ee728b)  -> (artifact id: 'cb261a19ae1589c8038cacffd5dde7c4') in 1.194289 seconds 
========================================================================
Received Import Request.
  Time since last request: 2.461149 seconds.
  path: Assets/Alphabet/L_alphabet.fbx
  artifactKey: Guid(003404b6f5f42b247bdf96f4c916da07) Importer(815301076,1909f56bfc062723c751e8b465ee728b)
Start importing Assets/Alphabet/L_alphabet.fbx using Guid(003404b6f5f42b247bdf96f4c916da07) Importer(815301076,1909f56bfc062723c751e8b465ee728b)  -> (artifact id: '3710962e9866ed38a3642f125a6f1245') in 0.026559 seconds 
========================================================================
Received Import Request.
  Time since last request: 0.467913 seconds.
  path: Assets/Alphabet/G_alphabet.fbx
  artifactKey: Guid(3c5beaf38bf9733428c810c5063d32de) Importer(815301076,1909f56bfc062723c751e8b465ee728b)
Start importing Assets/Alphabet/G_alphabet.fbx using Guid(3c5beaf38bf9733428c810c5063d32de) Importer(815301076,1909f56bfc062723c751e8b465ee728b)  -> (artifact id: '75c0571a5d796473e7eed84d3c76c5f8') in 0.026913 seconds 
========================================================================
Received Import Request.
  Time since last request: 98.047328 seconds.
  path: Assets/Alphabet/N_alphabet.fbx
  artifactKey: Guid(0a9c3693623a86a4f9a03b1559501231) Importer(815301076,1909f56bfc062723c751e8b465ee728b)
Start importing Assets/Alphabet/N_alphabet.fbx using Guid(0a9c3693623a86a4f9a03b1559501231) Importer(815301076,1909f56bfc062723c751e8b465ee728b)  -> (artifact id: '604010248668e88b6969296e827ed453') in 0.021444 seconds 
========================================================================
Received Import Request.
  Time since last request: 49.371440 seconds.
  path: Assets/Alphabet/T_alphabet.fbx
  artifactKey: Guid(ffbee846d98d1dd44bae87fde6325a54) Importer(815301076,1909f56bfc062723c751e8b465ee728b)
Start importing Assets/Alphabet/T_alphabet.fbx using Guid(ffbee846d98d1dd44bae87fde6325a54) Importer(815301076,1909f56bfc062723c751e8b465ee728b)  -> (artifact id: '51cc6df8a5817fe8c7142050727e9a5b') in 0.024248 seconds 
========================================================================
Received Import Request.
  Time since last request: 1.744571 seconds.
  path: Assets/Alphabet/W_alphabet.fbx
  artifactKey: Guid(3370c1ec72d06bb468bb9323024c8e59) Importer(815301076,1909f56bfc062723c751e8b465ee728b)
Start importing Assets/Alphabet/W_alphabet.fbx using Guid(3370c1ec72d06bb468bb9323024c8e59) Importer(815301076,1909f56bfc062723c751e8b465ee728b)  -> (artifact id: 'd0fe17b7180f5a2e49f45dcb2d7ec390') in 0.025081 seconds 
========================================================================
Received Import Request.
  Time since last request: 85.338365 seconds.
  path: Assets/Asset  Store/Wood Patterns/Wood Patterns Demo/Textures/T_Herringbone _Dark_Albedo.png
  artifactKey: Guid(8bf24b75e3e7d8c4e87a09c24ba4f9ea) Importer(815301076,1909f56bfc062723c751e8b465ee728b)
Start importing Assets/Asset  Store/Wood Patterns/Wood Patterns Demo/Textures/T_Herringbone _Dark_Albedo.png using Guid(8bf24b75e3e7d8c4e87a09c24ba4f9ea) Importer(815301076,1909f56bfc062723c751e8b465ee728b)  -> (artifact id: 'f55c42a1642e3ef2c245de4352fe84e0') in 0.112491 seconds 
========================================================================
Received Import Request.
  Time since last request: 18.327042 seconds.
  path: Assets/Asset  Store/Wood Patterns/Wood Patterns Demo/Textures/T_Herringbone_MetallicSmoothness.png
  artifactKey: Guid(c714009deb3353e4ab7c3224ad5a257e) Importer(815301076,1909f56bfc062723c751e8b465ee728b)
Start importing Assets/Asset  Store/Wood Patterns/Wood Patterns Demo/Textures/T_Herringbone_MetallicSmoothness.png using Guid(c714009deb3353e4ab7c3224ad5a257e) Importer(815301076,1909f56bfc062723c751e8b465ee728b)  -> (artifact id: '871484a16f1e2acc3d4649bc00588594') in 0.027969 seconds 
========================================================================
Received Prepare
Registering precompiled user dll's ...
Registered in 0.009459 seconds.
Begin MonoManager ReloadAssembly
Symbol file LoadedFromMemory doesn't match image D:\TEL-U\Semester 4\AR\MU\Tubesss\Library\PackageCache\com.unity.visualscripting@1.8.0\Editor\VisualScripting.Core\Dependencies\YamlDotNet\Unity.VisualScripting.YamlDotNet.dll
Symbol file LoadedFromMemory doesn't match image D:\TEL-U\Semester 4\AR\MU\Tubesss\Library\PackageCache\com.unity.visualscripting@1.8.0\Editor\VisualScripting.Core\Dependencies\DotNetZip\Unity.VisualScripting.IonicZip.dll
Native extension for WindowsStandalone target not found
Native extension for Android target not found
Refreshing native plugins compatible for Editor in 1.42 ms, found 3 plugins.
Preloading 0 native plugins for Editor in 0.00 ms.
Mono: successfully reloaded assembly
- Completed reload, in  4.120 seconds
Domain Reload Profiling:
	ReloadAssembly (4150ms)
		BeginReloadAssembly (1595ms)
			ExecutionOrderSort (0ms)
			DisableScriptedObjects (156ms)
			BackupInstance (0ms)
			ReleaseScriptingObjects (0ms)
			CreateAndSetChildDomain (672ms)
		EndReloadAssembly (2173ms)
			LoadAssemblies (434ms)
			RebuildTransferFunctionScriptingTraits (0ms)
			SetupTypeCache (1005ms)
			ReleaseScriptCaches (3ms)
			RebuildScriptCaches (92ms)
			SetupLoadedEditorAssemblies (707ms)
				LogAssemblyErrors (0ms)
				InitializePlatformSupportModulesInManaged (55ms)
				SetLoadedEditorAssemblies (1ms)
				RefreshPlugins (2ms)
				BeforeProcessingInitializeOnLoad (143ms)
				ProcessInitializeOnLoadAttributes (453ms)
				ProcessInitializeOnLoadMethodAttributes (45ms)
				AfterProcessingInitializeOnLoad (8ms)
				EditorAssembliesLoaded (0ms)
			ExecutionOrderSort2 (0ms)
			AwakeInstancesAfterBackupRestoration (23ms)
Platform modules already initialized, skipping
Refreshing native plugins compatible for Editor in 3.85 ms, found 3 plugins.
Preloading 0 native plugins for Editor in 0.00 ms.
Unloading 3060 Unused Serialized files (Serialized files now loaded: 0)
Unloading 31 unused Assets / (1.4 MB). Loaded Objects now: 3579.
Memory consumption went from 115.9 MB to 114.5 MB.
Total: 11.135800 ms (FindLiveObjects: 0.419100 ms CreateObjectMapping: 0.683300 ms MarkObjects: 8.639300 ms  DeleteObjects: 1.391600 ms)

AssetImportParameters requested are different than current active one (requested -> active):
  custom:video-decoder-ogg-theora: a1e56fd34408186e4bbccfd4996cb3dc -> 
  custom:container-muxer-webm: aa71ff27fc2769a1b78a27578f13a17b -> 
  custom:container-demuxer-webm: 4f35f7cbe854078d1ac9338744f61a02 -> 
  custom:video-encoder-webm-vp8: eb34c28f22e8b96e1ab97ce403110664 -> 
  custom:audio-encoder-webm-vorbis: bf7c407c2cedff20999df2af8eb42d56 -> 
  custom:framework-win-MediaFoundation: 216162199b28c13a410421893ffa2e32 -> 
  custom:container-demuxer-ogg: 62fdf1f143b41e24485cea50d1cbac27 -> 
  custom:video-decoder-webm-vp8: 9c59270c3fd7afecdb556c50c9e8de78 -> 
  custom:audio-decoder-ogg-vorbis: bf7c407c2cedff20999df2af8eb42d56 -> 
